Augmented Reality Tower Defense/Library/Bee/Android/Prj/Mono2x/Gradle/unityLibrary/build/intermediates/manifest_merge_blame_file/release/manifest-merger-blame-release-report.txt
1<?xml version="1.0" encoding="utf-8"?>
2<manifest xmlns:android="http://schemas.android.com/apk/res/android"
3    xmlns:tools="http://schemas.android.com/tools"
4    package="com.unity3d.player"
5    android:versionCode="1"
6    android:versionName="0.1" >
7
8    <uses-sdk
9        android:minSdkVersion="22"
9-->src\main\AndroidManifest.xml
10        android:targetSdkVersion="30" />
10-->src\main\AndroidManifest.xml
11
12    <uses-feature android:glEsVersion="0x00020000" />
12-->src\main\AndroidManifest.xml:18:3-52
12-->src\main\AndroidManifest.xml:18:17-49
13
14    <uses-permission android:name="android.permission.INTERNET" />
14-->src\main\AndroidManifest.xml:19:3-65
14-->src\main\AndroidManifest.xml:19:20-62
15    <uses-permission android:name="android.permission.ACCESS_NETWORK_STATE" />
15-->src\main\AndroidManifest.xml:20:3-77
15-->src\main\AndroidManifest.xml:20:20-74
16    <uses-permission android:name="android.permission.CAMERA" />
16-->src\main\AndroidManifest.xml:21:3-63
16-->src\main\AndroidManifest.xml:21:20-60
17
18    <uses-feature
18-->src\main\AndroidManifest.xml:22:3-83
19        android:name="android.hardware.camera"
19-->src\main\AndroidManifest.xml:22:17-55
20        android:required="false" />
20-->src\main\AndroidManifest.xml:22:56-80
21    <uses-feature
21-->src\main\AndroidManifest.xml:23:3-93
22        android:name="android.hardware.camera.autofocus"
22-->src\main\AndroidManifest.xml:23:17-65
23        android:required="false" />
23-->src\main\AndroidManifest.xml:23:66-90
24    <uses-feature
24-->src\main\AndroidManifest.xml:24:3-89
25        android:name="android.hardware.camera.front"
25-->src\main\AndroidManifest.xml:24:17-61
26        android:required="false" />
26-->src\main\AndroidManifest.xml:24:62-86
27    <uses-feature
27-->src\main\AndroidManifest.xml:25:3-88
28        android:name="android.hardware.touchscreen"
28-->src\main\AndroidManifest.xml:25:17-60
29        android:required="false" />
29-->src\main\AndroidManifest.xml:25:61-85
30    <uses-feature
30-->src\main\AndroidManifest.xml:26:3-99
31        android:name="android.hardware.touchscreen.multitouch"
31-->src\main\AndroidManifest.xml:26:17-71
32        android:required="false" />
32-->src\main\AndroidManifest.xml:26:72-96
33    <uses-feature
33-->src\main\AndroidManifest.xml:27:3-108
34        android:name="android.hardware.touchscreen.multitouch.distinct"
34-->src\main\AndroidManifest.xml:27:17-80
35        android:required="false" />
35-->src\main\AndroidManifest.xml:27:81-105
36
37    <application
37-->src\main\AndroidManifest.xml:3:3-17:17
38        android:extractNativeLibs="true"
38-->src\main\AndroidManifest.xml:3:16-48
39        android:isGame="true" >
39-->src\main\AndroidManifest.xml:3:49-70
40        <activity
40-->src\main\AndroidManifest.xml:4:5-11:16
41            android:name="com.unity3d.player.UnityPlayerActivity"
41-->src\main\AndroidManifest.xml:4:15-68
42            android:configChanges="mcc|mnc|locale|touchscreen|keyboard|keyboardHidden|navigation|orientation|screenLayout|uiMode|screenSize|smallestScreenSize|fontScale|layoutDirection|density"
42-->src\main\AndroidManifest.xml:4:182-363
43            android:hardwareAccelerated="false"
43-->src\main\AndroidManifest.xml:4:399-434
44            android:launchMode="singleTask"
44-->src\main\AndroidManifest.xml:4:150-181
45            android:resizeableActivity="false"
45-->src\main\AndroidManifest.xml:4:364-398
46            android:screenOrientation="fullSensor"
46-->src\main\AndroidManifest.xml:4:111-149
47            android:theme="@style/UnityThemeSelector" >
47-->src\main\AndroidManifest.xml:4:69-110
48            <intent-filter>
48-->src\main\AndroidManifest.xml:5:7-9:23
49                <action android:name="android.intent.action.MAIN" />
49-->src\main\AndroidManifest.xml:6:9-61
49-->src\main\AndroidManifest.xml:6:17-58
50
51                <category android:name="android.intent.category.LAUNCHER" />
51-->src\main\AndroidManifest.xml:7:9-69
51-->src\main\AndroidManifest.xml:7:19-66
52                <category android:name="android.intent.category.LEANBACK_LAUNCHER" />
52-->src\main\AndroidManifest.xml:8:9-78
52-->src\main\AndroidManifest.xml:8:19-75
53            </intent-filter>
54
55            <meta-data
55-->src\main\AndroidManifest.xml:10:7-82
56                android:name="unityplayer.UnityActivity"
56-->src\main\AndroidManifest.xml:10:18-58
57                android:value="true" />
57-->src\main\AndroidManifest.xml:10:59-79
58        </activity>
59
60        <meta-data
60-->src\main\AndroidManifest.xml:12:5-69
61            android:name="unity.splash-mode"
61-->src\main\AndroidManifest.xml:12:16-48
62            android:value="0" />
62-->src\main\AndroidManifest.xml:12:49-66
63        <meta-data
63-->src\main\AndroidManifest.xml:13:5-74
64            android:name="unity.splash-enable"
64-->src\main\AndroidManifest.xml:13:16-50
65            android:value="True" />
65-->src\main\AndroidManifest.xml:13:51-71
66        <meta-data
66-->src\main\AndroidManifest.xml:14:5-78
67            android:name="unity.launch-fullscreen"
67-->src\main\AndroidManifest.xml:14:16-54
68            android:value="True" />
68-->src\main\AndroidManifest.xml:14:55-75
69        <meta-data
69-->src\main\AndroidManifest.xml:15:5-84
70            android:name="unity.allow-resizable-window"
70-->src\main\AndroidManifest.xml:15:16-59
71            android:value="False" />
71-->src\main\AndroidManifest.xml:15:60-81
72        <meta-data
72-->src\main\AndroidManifest.xml:16:5-77
73            android:name="com.google.ar.core"
73-->src\main\AndroidManifest.xml:16:16-49
74            android:value="optional" />
74-->src\main\AndroidManifest.xml:16:50-74
75    </application>
76
77</manifest>